Using pre-set license
Built from '2020.3/staging' branch; Version is '2020.3.48f1 (b805b124c6b7) revision 12060081'; Using compiler version '192528614'; Build Type 'Release'
OS: 'Windows 10  (10.0.19045) 64bit Professional' Language: 'ko' Physical Memory: 6091 MB
BatchMode: 1, IsHumanControllingUs: 0, StartBugReporterOnCrash: 0, Is64bit: 1, IsPro: 0

COMMAND LINE ARGUMENTS:
C:\Program Files\Unity\Hub\Editor\2020.3.48f1\Editor\Unity.exe
-adb2
-batchMode
-noUpm
-name
AssetImportWorker0
-projectPath
C:/Users/USER/Unity/Animation2D
-logFile
Logs/AssetImportWorker0.log
-srvPort
64550
Successfully changed project path to: C:/Users/USER/Unity/Animation2D
C:/Users/USER/Unity/Animation2D
Using Asset Import Pipeline V2.
Player connection [17952] Host "[IP] 192.168.107.230 [Port] 73 [Flags] 2 [Guid] 37559445 [EditorId] 37559445 [Version] 1048832 [Id] WindowsEditor(7,DESKTOP-I3QKKVL) [Debug] 1 [PackageName] WindowsEditor [ProjectName] Editor" joined multi-casting on [225.0.0.222:54997]...

Player connection [17952] Host "[IP] 192.168.107.230 [Port] 73 [Flags] 2 [Guid] 37559445 [EditorId] 37559445 [Version] 1048832 [Id] WindowsEditor(7,DESKTOP-I3QKKVL) [Debug] 1 [PackageName] WindowsEditor [ProjectName] Editor" joined alternative multi-casting on [225.0.0.222:34997]...

Refreshing native plugins compatible for Editor in 41.87 ms, found 1 plugins.
Preloading 0 native plugins for Editor in 0.00 ms.
Initialize engine version: 2020.3.48f1 (b805b124c6b7)
[Subsystems] Discovering subsystems at path C:/Program Files/Unity/Hub/Editor/2020.3.48f1/Editor/Data/Resources/UnitySubsystems
[Subsystems] Discovering subsystems at path C:/Users/USER/Unity/Animation2D/Assets
GfxDevice: creating device client; threaded=0
Direct3D:
    Version:  Direct3D 11.0 [level 11.1]
    Renderer: AMD Radeon(TM) Vega 8 Graphics (ID=0x15d8)
    Vendor:   
    VRAM:     3045 MB
    Driver:   27.20.22002.57
Initialize mono
Mono path[0] = 'C:/Program Files/Unity/Hub/Editor/2020.3.48f1/Editor/Data/Managed'
Mono path[1] = 'C:/Program Files/Unity/Hub/Editor/2020.3.48f1/Editor/Data/MonoBleedingEdge/lib/mono/unityjit'
Mono config path = 'C:/Program Files/Unity/Hub/Editor/2020.3.48f1/Editor/Data/MonoBleedingEdge/etc'
Using monoOptions --debugger-agent=transport=dt_socket,embedding=1,server=y,suspend=n,address=127.0.0.1:56648
Begin MonoManager ReloadAssembly
Registering precompiled unity dll's ...
Register platform support module: C:/Program Files/Unity/Hub/Editor/2020.3.48f1/Editor/Data/PlaybackEngines/WindowsStandaloneSupport/UnityEditor.WindowsStandalone.Extensions.dll
Registered in 0.008752 seconds.
Native extension for WindowsStandalone target not found
Refreshing native plugins compatible for Editor in 36.53 ms, found 1 plugins.
Preloading 0 native plugins for Editor in 0.00 ms.
Mono: successfully reloaded assembly
- Completed reload, in  1.639 seconds
Domain Reload Profiling:
	ReloadAssembly (1640ms)
		BeginReloadAssembly (205ms)
			ExecutionOrderSort (0ms)
			DisableScriptedObjects (0ms)
			BackupInstance (0ms)
			ReleaseScriptingObjects (0ms)
			CreateAndSetChildDomain (2ms)
		EndReloadAssembly (1191ms)
			LoadAssemblies (196ms)
			RebuildTransferFunctionScriptingTraits (0ms)
			SetupTypeCache (445ms)
			ReleaseScriptCaches (0ms)
			RebuildScriptCaches (86ms)
			SetupLoadedEditorAssemblies (345ms)
				LogAssemblyErrors (0ms)
				InitializePlatformSupportModulesInManaged (13ms)
				SetLoadedEditorAssemblies (1ms)
				RefreshPlugins (37ms)
				BeforeProcessingInitializeOnLoad (48ms)
				ProcessInitializeOnLoadAttributes (180ms)
				ProcessInitializeOnLoadMethodAttributes (65ms)
				AfterProcessingInitializeOnLoad (0ms)
				EditorAssembliesLoaded (1ms)
			ExecutionOrderSort2 (0ms)
			AwakeInstancesAfterBackupRestoration (0ms)
Platform modules already initialized, skipping
Registering precompiled user dll's ...
Registered in 0.001221 seconds.
Begin MonoManager ReloadAssembly
Native extension for WindowsStandalone target not found
Refreshing native plugins compatible for Editor in 0.51 ms, found 1 plugins.
Preloading 0 native plugins for Editor in 0.00 ms.
Mono: successfully reloaded assembly
- Completed reload, in  2.362 seconds
Domain Reload Profiling:
	ReloadAssembly (2364ms)
		BeginReloadAssembly (458ms)
			ExecutionOrderSort (0ms)
			DisableScriptedObjects (15ms)
			BackupInstance (0ms)
			ReleaseScriptingObjects (0ms)
			CreateAndSetChildDomain (46ms)
		EndReloadAssembly (1698ms)
			LoadAssemblies (204ms)
			RebuildTransferFunctionScriptingTraits (0ms)
			SetupTypeCache (522ms)
			ReleaseScriptCaches (1ms)
			RebuildScriptCaches (98ms)
			SetupLoadedEditorAssemblies (704ms)
				LogAssemblyErrors (0ms)
				InitializePlatformSupportModulesInManaged (11ms)
				SetLoadedEditorAssemblies (2ms)
				RefreshPlugins (1ms)
				BeforeProcessingInitializeOnLoad (324ms)
				ProcessInitializeOnLoadAttributes (291ms)
				ProcessInitializeOnLoadMethodAttributes (43ms)
				AfterProcessingInitializeOnLoad (31ms)
				EditorAssembliesLoaded (0ms)
			ExecutionOrderSort2 (0ms)
			AwakeInstancesAfterBackupRestoration (5ms)
Platform modules already initialized, skipping
========================================================================
Worker process is ready to serve import requests
Launched and connected shader compiler UnityShaderCompiler.exe after 0.13 seconds
Refreshing native plugins compatible for Editor in 0.46 ms, found 1 plugins.
Preloading 0 native plugins for Editor in 0.00 ms.
Unloading 706 Unused Serialized files (Serialized files now loaded: 0)
System memory in use before: 55.3 MB.
System memory in use after: 55.3 MB.

Unloading 11 unused Assets to reduce memory usage. Loaded Objects now: 1147.
Total: 6.871600 ms (FindLiveObjects: 0.167100 ms CreateObjectMapping: 0.042300 ms MarkObjects: 6.501500 ms  DeleteObjects: 0.158500 ms)

AssetImportParameters requested are different than current active one (requested -> active):
  custom:framework-win-MediaFoundation: 216162199b28c13a410421893ffa2e32 -> 
  custom:video-decoder-ogg-theora: a1e56fd34408186e4bbccfd4996cb3dc -> 
  custom:container-muxer-webm: aa71ff27fc2769a1b78a27578f13a17b -> 
  custom:container-demuxer-webm: 4f35f7cbe854078d1ac9338744f61a02 -> 
  custom:container-demuxer-ogg: 62fdf1f143b41e24485cea50d1cbac27 -> 
  custom:video-encoder-webm-vp8: eb34c28f22e8b96e1ab97ce403110664 -> 
  custom:video-decoder-webm-vp8: 9c59270c3fd7afecdb556c50c9e8de78 -> 
  custom:audio-decoder-ogg-vorbis: bf7c407c2cedff20999df2af8eb42d56 -> 
  custom:audio-encoder-webm-vorbis: bf7c407c2cedff20999df2af8eb42d56 -> 
========================================================================
Received Import Request.
  path: Assets/Rikr 1.png
  artifactKey: Guid(5258ca81e82eef94db023567a8de5516) Importer(815301076,1909f56bfc062723c751e8b465ee728b)
Start importing Assets/Rikr 1.png using Guid(5258ca81e82eef94db023567a8de5516) Importer(815301076,1909f56bfc062723c751e8b465ee728b)  -> (artifact id: 'df830b3806788c36790f34b659105e6b') in 0.398380 seconds 
========================================================================
Received Import Request.
  Time since last request: 2893.082536 seconds.
  path: Assets/Rikr 1.png
  artifactKey: Guid(5258ca81e82eef94db023567a8de5516) Importer(815301076,1909f56bfc062723c751e8b465ee728b)
Start importing Assets/Rikr 1.png using Guid(5258ca81e82eef94db023567a8de5516) Importer(815301076,1909f56bfc062723c751e8b465ee728b)  -> (artifact id: 'bf12c93c095166b961d327d92319761a') in 0.090108 seconds 
========================================================================
Received Import Request.
  Time since last request: 68.295548 seconds.
  path: ProjectSettings/TagManager.asset
  artifactKey: Guid(00000000000000003000000000000000) Importer(815301076,1909f56bfc062723c751e8b465ee728b)
Start importing ProjectSettings/TagManager.asset using Guid(00000000000000003000000000000000) Importer(815301076,1909f56bfc062723c751e8b465ee728b)  -> (artifact id: '95df672b4aaba54310d34c83eef51bb8') in 0.053962 seconds 
========================================================================
Received Import Request.
  Time since last request: 162.267669 seconds.
  path: Assets/Rikr 1.png
  artifactKey: Guid(5258ca81e82eef94db023567a8de5516) Importer(815301076,1909f56bfc062723c751e8b465ee728b)
Start importing Assets/Rikr 1.png using Guid(5258ca81e82eef94db023567a8de5516) Importer(815301076,1909f56bfc062723c751e8b465ee728b)  -> (artifact id: '7f9a9d29a66ea2d09470e89d06e9a73c') in 0.057872 seconds 
========================================================================
Received Import Request.
  Time since last request: 70.867715 seconds.
  path: Assets/Samples/2D Animation
  artifactKey: Guid(785449b26f3ead74fa7417afa0039e11) Importer(815301076,1909f56bfc062723c751e8b465ee728b)
Start importing Assets/Samples/2D Animation using Guid(785449b26f3ead74fa7417afa0039e11) Importer(815301076,1909f56bfc062723c751e8b465ee728b)  -> (artifact id: '35507ac9552abddcdcd7a283f6a28c93') in 0.020959 seconds 
========================================================================
Received Import Request.
  Time since last request: 1.343965 seconds.
  path: Assets/Samples/2D Animation/5.2.7
  artifactKey: Guid(8e14688df951859439144ac26a360bbc) Importer(815301076,1909f56bfc062723c751e8b465ee728b)
Start importing Assets/Samples/2D Animation/5.2.7 using Guid(8e14688df951859439144ac26a360bbc) Importer(815301076,1909f56bfc062723c751e8b465ee728b)  -> (artifact id: '79cdab72aac5c9de9b4869ddade26446') in 0.023364 seconds 
========================================================================
Received Import Request.
  Time since last request: 4.440746 seconds.
  path: Assets/Samples/2D Animation/5.2.7/Samples/5 SpriteSwap/Animation
  artifactKey: Guid(26dbc80d228b87b4cb4cf00654037b5c) Importer(815301076,1909f56bfc062723c751e8b465ee728b)
Start importing Assets/Samples/2D Animation/5.2.7/Samples/5 SpriteSwap/Animation using Guid(26dbc80d228b87b4cb4cf00654037b5c) Importer(815301076,1909f56bfc062723c751e8b465ee728b)  -> (artifact id: 'b5a4d2555806e9e57401cc5adb6f0540') in 0.033948 seconds 
========================================================================
Received Import Request.
  Time since last request: 1.116644 seconds.
  path: Assets/Samples/2D Animation/5.2.7/Samples/5 SpriteSwap/Animation/Clips
  artifactKey: Guid(797cc3486a02b2a4a947ce142f25ed88) Importer(815301076,1909f56bfc062723c751e8b465ee728b)
Start importing Assets/Samples/2D Animation/5.2.7/Samples/5 SpriteSwap/Animation/Clips using Guid(797cc3486a02b2a4a947ce142f25ed88) Importer(815301076,1909f56bfc062723c751e8b465ee728b)  -> (artifact id: '4ae73f78318c97aaf258c3cb7f740798') in 0.023805 seconds 
========================================================================
Received Import Request.
  Time since last request: 5.130479 seconds.
  path: Assets/Samples/2D Animation/5.2.7/Samples/5 SpriteSwap/Animation/Clips/Rikr 1.controller
  artifactKey: Guid(b26267a1183a295469ab5b04cfd638a8) Importer(815301076,1909f56bfc062723c751e8b465ee728b)
Start importing Assets/Samples/2D Animation/5.2.7/Samples/5 SpriteSwap/Animation/Clips/Rikr 1.controller using Guid(b26267a1183a295469ab5b04cfd638a8) Importer(815301076,1909f56bfc062723c751e8b465ee728b)  -> (artifact id: '849a617eae8dec931844d3e06f48ea35') in 0.068599 seconds 
========================================================================
Received Import Request.
  Time since last request: 1465.284478 seconds.
  path: Assets/Rikr 1.controller
  artifactKey: Guid(99a25836ca5a61d4395320fe900f135e) Importer(815301076,1909f56bfc062723c751e8b465ee728b)
Start importing Assets/Rikr 1.controller using Guid(99a25836ca5a61d4395320fe900f135e) Importer(815301076,1909f56bfc062723c751e8b465ee728b)  -> (artifact id: 'f9bc71ff5ef27a70536c1a2e826f7d8e') in 0.026553 seconds 
AssetImportWorkerClient::OnTransportError - code=2 error=End of file
