Using pre-set license
Built from '2020.3/staging' branch; Version is '2020.3.48f1 (b805b124c6b7) revision 12060081'; Using compiler version '192528614'; Build Type 'Release'
OS: 'Windows 10  (10.0.19045) 64bit Professional' Language: 'ko' Physical Memory: 6088 MB
BatchMode: 1, IsHumanControllingUs: 0, StartBugReporterOnCrash: 0, Is64bit: 1, IsPro: 0

COMMAND LINE ARGUMENTS:
C:\Program Files\Unity\Hub\Editor\2020.3.48f1\Editor\Unity.exe
-adb2
-batchMode
-noUpm
-name
AssetImportWorker0
-projectPath
C:/Users/USER/Unity/ShootingGame
-logFile
Logs/AssetImportWorker0.log
-srvPort
54229
Successfully changed project path to: C:/Users/USER/Unity/ShootingGame
C:/Users/USER/Unity/ShootingGame
Using Asset Import Pipeline V2.
Player connection [16540] Host "[IP] 0.0.0.0 [Port] 73 [Flags] 2 [Guid] 1643270404 [EditorId] 1643270404 [Version] 1048832 [Id] WindowsEditor(7,DESKTOP-I3QKKVL) [Debug] 1 [PackageName] WindowsEditor [ProjectName] Editor" joined multi-casting on [225.0.0.222:54997]...

Player connection [16540] Host "[IP] 0.0.0.0 [Port] 73 [Flags] 2 [Guid] 1643270404 [EditorId] 1643270404 [Version] 1048832 [Id] WindowsEditor(7,DESKTOP-I3QKKVL) [Debug] 1 [PackageName] WindowsEditor [ProjectName] Editor" joined alternative multi-casting on [225.0.0.222:34997]...

Refreshing native plugins compatible for Editor in 71.96 ms, found 3 plugins.
Preloading 0 native plugins for Editor in 0.00 ms.
Initialize engine version: 2020.3.48f1 (b805b124c6b7)
[Subsystems] Discovering subsystems at path C:/Program Files/Unity/Hub/Editor/2020.3.48f1/Editor/Data/Resources/UnitySubsystems
[Subsystems] Discovering subsystems at path C:/Users/USER/Unity/ShootingGame/Assets
GfxDevice: creating device client; threaded=0
Direct3D:
    Version:  Direct3D 11.0 [level 11.1]
    Renderer: AMD Radeon(TM) Vega 8 Graphics (ID=0x15d8)
    Vendor:   
    VRAM:     3044 MB
    Driver:   30.0.13044.13001
Initialize mono
Mono path[0] = 'C:/Program Files/Unity/Hub/Editor/2020.3.48f1/Editor/Data/Managed'
Mono path[1] = 'C:/Program Files/Unity/Hub/Editor/2020.3.48f1/Editor/Data/MonoBleedingEdge/lib/mono/unityjit'
Mono config path = 'C:/Program Files/Unity/Hub/Editor/2020.3.48f1/Editor/Data/MonoBleedingEdge/etc'
Using monoOptions --debugger-agent=transport=dt_socket,embedding=1,server=y,suspend=n,address=127.0.0.1:56464
Begin MonoManager ReloadAssembly
Registering precompiled unity dll's ...
Register platform support module: C:/Program Files/Unity/Hub/Editor/2020.3.48f1/Editor/Data/PlaybackEngines/WindowsStandaloneSupport/UnityEditor.WindowsStandalone.Extensions.dll
Registered in 0.008573 seconds.
Native extension for WindowsStandalone target not found
Refreshing native plugins compatible for Editor in 117.31 ms, found 3 plugins.
Preloading 0 native plugins for Editor in 0.00 ms.
Mono: successfully reloaded assembly
- Completed reload, in  1.011 seconds
Domain Reload Profiling:
	ReloadAssembly (1011ms)
		BeginReloadAssembly (119ms)
			ExecutionOrderSort (0ms)
			DisableScriptedObjects (0ms)
			BackupInstance (0ms)
			ReleaseScriptingObjects (0ms)
			CreateAndSetChildDomain (1ms)
		EndReloadAssembly (773ms)
			LoadAssemblies (114ms)
			RebuildTransferFunctionScriptingTraits (0ms)
			SetupTypeCache (224ms)
			ReleaseScriptCaches (0ms)
			RebuildScriptCaches (38ms)
			SetupLoadedEditorAssemblies (339ms)
				LogAssemblyErrors (0ms)
				InitializePlatformSupportModulesInManaged (8ms)
				SetLoadedEditorAssemblies (0ms)
				RefreshPlugins (117ms)
				BeforeProcessingInitializeOnLoad (36ms)
				ProcessInitializeOnLoadAttributes (129ms)
				ProcessInitializeOnLoadMethodAttributes (49ms)
				AfterProcessingInitializeOnLoad (0ms)
				EditorAssembliesLoaded (0ms)
			ExecutionOrderSort2 (0ms)
			AwakeInstancesAfterBackupRestoration (0ms)
Platform modules already initialized, skipping
Registering precompiled user dll's ...
Registered in 0.013369 seconds.
Begin MonoManager ReloadAssembly
Native extension for WindowsStandalone target not found
Refreshing native plugins compatible for Editor in 54.25 ms, found 3 plugins.
Preloading 0 native plugins for Editor in 0.00 ms.
Mono: successfully reloaded assembly
- Completed reload, in  2.067 seconds
Domain Reload Profiling:
	ReloadAssembly (2068ms)
		BeginReloadAssembly (258ms)
			ExecutionOrderSort (0ms)
			DisableScriptedObjects (10ms)
			BackupInstance (0ms)
			ReleaseScriptingObjects (0ms)
			CreateAndSetChildDomain (27ms)
		EndReloadAssembly (1709ms)
			LoadAssemblies (259ms)
			RebuildTransferFunctionScriptingTraits (0ms)
			SetupTypeCache (433ms)
			ReleaseScriptCaches (1ms)
			RebuildScriptCaches (67ms)
			SetupLoadedEditorAssemblies (793ms)
				LogAssemblyErrors (0ms)
				InitializePlatformSupportModulesInManaged (4ms)
				SetLoadedEditorAssemblies (0ms)
				RefreshPlugins (54ms)
				BeforeProcessingInitializeOnLoad (132ms)
				ProcessInitializeOnLoadAttributes (547ms)
				ProcessInitializeOnLoadMethodAttributes (36ms)
				AfterProcessingInitializeOnLoad (18ms)
				EditorAssembliesLoaded (0ms)
			ExecutionOrderSort2 (0ms)
			AwakeInstancesAfterBackupRestoration (4ms)
Platform modules already initialized, skipping
========================================================================
Worker process is ready to serve import requests
Launched and connected shader compiler UnityShaderCompiler.exe after 0.08 seconds
Refreshing native plugins compatible for Editor in 0.54 ms, found 3 plugins.
Preloading 0 native plugins for Editor in 0.00 ms.
Unloading 2026 Unused Serialized files (Serialized files now loaded: 0)
System memory in use before: 94.9 MB.
System memory in use after: 94.9 MB.

Unloading 29 unused Assets to reduce memory usage. Loaded Objects now: 2461.
Total: 4.839300 ms (FindLiveObjects: 0.281500 ms CreateObjectMapping: 0.112300 ms MarkObjects: 4.268500 ms  DeleteObjects: 0.175000 ms)

AssetImportParameters requested are different than current active one (requested -> active):
  custom:framework-win-MediaFoundation: 216162199b28c13a410421893ffa2e32 -> 
  custom:video-decoder-ogg-theora: a1e56fd34408186e4bbccfd4996cb3dc -> 
  custom:container-muxer-webm: aa71ff27fc2769a1b78a27578f13a17b -> 
  custom:container-demuxer-webm: 4f35f7cbe854078d1ac9338744f61a02 -> 
  custom:container-demuxer-ogg: 62fdf1f143b41e24485cea50d1cbac27 -> 
  custom:video-encoder-webm-vp8: eb34c28f22e8b96e1ab97ce403110664 -> 
  custom:video-decoder-webm-vp8: 9c59270c3fd7afecdb556c50c9e8de78 -> 
  custom:audio-decoder-ogg-vorbis: bf7c407c2cedff20999df2af8eb42d56 -> 
  custom:audio-encoder-webm-vorbis: bf7c407c2cedff20999df2af8eb42d56 -> 
========================================================================
Received Import Request.
  path: Assets/Scripts/BulletController.cs
  artifactKey: Guid(9273d484156073f499809ab486fc16bc) Importer(815301076,1909f56bfc062723c751e8b465ee728b)
Start importing Assets/Scripts/BulletController.cs using Guid(9273d484156073f499809ab486fc16bc) Importer(815301076,1909f56bfc062723c751e8b465ee728b)  -> (artifact id: '5c66a5f0f678e740a85a413334581cd6') in 0.083169 seconds 
========================================================================
Received Import Request.
  Time since last request: 619.764514 seconds.
  path: Assets/Prefabs/Boom.prefab
  artifactKey: Guid(0b6c5e7698431ce459f01064d08f9e66) Importer(815301076,1909f56bfc062723c751e8b465ee728b)
Start importing Assets/Prefabs/Boom.prefab using Guid(0b6c5e7698431ce459f01064d08f9e66) Importer(815301076,1909f56bfc062723c751e8b465ee728b)  -> (artifact id: 'ce17285a29167c2d7539cc3aa8c6f73d') in 0.150415 seconds 
========================================================================
Received Import Request.
  Time since last request: 0.000356 seconds.
  path: Assets/Prefabs/Bullet 1.prefab
  artifactKey: Guid(0df95eded613b914eb1725e60f43a48d) Importer(815301076,1909f56bfc062723c751e8b465ee728b)
Start importing Assets/Prefabs/Bullet 1.prefab using Guid(0df95eded613b914eb1725e60f43a48d) Importer(815301076,1909f56bfc062723c751e8b465ee728b)  -> (artifact id: '79ba0c748e4db661cd35e200d62fad5c') in 0.031976 seconds 
========================================================================
Received Import Request.
  Time since last request: 0.000697 seconds.
  path: Assets/Prefabs/Enemy A.prefab
  artifactKey: Guid(89de81a13f1b8314f9977ca84dd471c7) Importer(815301076,1909f56bfc062723c751e8b465ee728b)
Start importing Assets/Prefabs/Enemy A.prefab using Guid(89de81a13f1b8314f9977ca84dd471c7) Importer(815301076,1909f56bfc062723c751e8b465ee728b)  -> (artifact id: '54d50480cd77eb3445990487bd95a32d') in 0.034743 seconds 
========================================================================
Received Import Request.
  Time since last request: 0.000398 seconds.
  path: Assets/Prefabs/Enemy Bullet 3.prefab
  artifactKey: Guid(2a7c2989771899a47ac709c8c7ef4a38) Importer(815301076,1909f56bfc062723c751e8b465ee728b)
Start importing Assets/Prefabs/Enemy Bullet 3.prefab using Guid(2a7c2989771899a47ac709c8c7ef4a38) Importer(815301076,1909f56bfc062723c751e8b465ee728b)  -> (artifact id: '8c9a5f05bdd798287af70dd44efca92d') in 0.030049 seconds 
========================================================================
Received Import Request.
  Time since last request: 0.000374 seconds.
  path: Assets/Prefabs/Enemy C.prefab
  artifactKey: Guid(04e10eda585851a42a64dcee498d22fa) Importer(815301076,1909f56bfc062723c751e8b465ee728b)
Start importing Assets/Prefabs/Enemy C.prefab using Guid(04e10eda585851a42a64dcee498d22fa) Importer(815301076,1909f56bfc062723c751e8b465ee728b)  -> (artifact id: '74de4ad9ebc66660617f3fdcdb18cacd') in 0.028693 seconds 
========================================================================
Received Import Request.
  Time since last request: 0.000417 seconds.
  path: Assets/Prefabs/Bullet 0.prefab
  artifactKey: Guid(33f903968dc158443b8da683d4d18adb) Importer(815301076,1909f56bfc062723c751e8b465ee728b)
Start importing Assets/Prefabs/Bullet 0.prefab using Guid(33f903968dc158443b8da683d4d18adb) Importer(815301076,1909f56bfc062723c751e8b465ee728b)  -> (artifact id: 'fbf9e96d9ffade830412651299af06c9') in 0.027976 seconds 
========================================================================
Received Import Request.
  Time since last request: 0.000391 seconds.
  path: Assets/Prefabs/Enemy B.prefab
  artifactKey: Guid(97e1136fed91efc419993b5ec306ec15) Importer(815301076,1909f56bfc062723c751e8b465ee728b)
Start importing Assets/Prefabs/Enemy B.prefab using Guid(97e1136fed91efc419993b5ec306ec15) Importer(815301076,1909f56bfc062723c751e8b465ee728b)  -> (artifact id: '6304e97c05b209671d2db7fc1a160be8') in 0.029033 seconds 
========================================================================
Received Import Request.
  Time since last request: 0.000423 seconds.
  path: Assets/Prefabs/Enemy Bullet 1.prefab
  artifactKey: Guid(f1e414e01fa4f6d4a8af702ad1ee8ac5) Importer(815301076,1909f56bfc062723c751e8b465ee728b)
Start importing Assets/Prefabs/Enemy Bullet 1.prefab using Guid(f1e414e01fa4f6d4a8af702ad1ee8ac5) Importer(815301076,1909f56bfc062723c751e8b465ee728b)  -> (artifact id: '1f27086685aad982cdfcfe03f9998b41') in 0.028313 seconds 
========================================================================
Received Import Request.
  Time since last request: 0.000387 seconds.
  path: Assets/Prefabs/Coin.prefab
  artifactKey: Guid(336d01344a5bbf4419e619f4500babe2) Importer(815301076,1909f56bfc062723c751e8b465ee728b)
Start importing Assets/Prefabs/Coin.prefab using Guid(336d01344a5bbf4419e619f4500babe2) Importer(815301076,1909f56bfc062723c751e8b465ee728b)  -> (artifact id: '1f3ffd6881fd6d829c20de811a620f34') in 0.031785 seconds 
========================================================================
Received Import Request.
  Time since last request: 0.000435 seconds.
  path: Assets/Prefabs/Power.prefab
  artifactKey: Guid(21d4b516988d0674aa2f576f7f9738e2) Importer(815301076,1909f56bfc062723c751e8b465ee728b)
Start importing Assets/Prefabs/Power.prefab using Guid(21d4b516988d0674aa2f576f7f9738e2) Importer(815301076,1909f56bfc062723c751e8b465ee728b)  -> (artifact id: '591649c422b64f0674eab3c489260f9e') in 0.031542 seconds 
AssetImportWorkerClient::OnTransportError - code=2 error=End of file
